<?xml version="1.0" encoding="UTF-8"?>
<testsuite xmlns:xsi="http://www.w3.org/2001/XMLSchema-instance" xsi:noNamespaceSchemaLocation="https://maven.apache.org/surefire/maven-surefire-plugin/xsd/surefire-test-report-3.0.xsd" version="3.0" name="testRunner.TestRunner" time="536.213" tests="5" errors="1" skipped="0" failures="0">
  <properties>
[...]
</properties>
  <testcase name="Search Doctors for any city and apply filters" classname="Fetch &amp; display the first five Doctors details" time="255.261">
    <system-out><![CDATA[
@sanity @regression
Scenario: Search Doctors for any city and apply filters # FeatureFiles/DoctorDetails.feature:11
  Given user enters city as "Mumbai"                    # stepDefinitions.DoctorDetails.user_enters_city_as(java.lang.String)
  And the user selects the speciality                   # stepDefinitions.DoctorDetails.the_user_selects_the_speciality()
  When user applies the filter                          # stepDefinitions.DoctorDetails.user_applies_the_filter()

Dr. D.G. Saple
Profile is claimed
MBBS, MD - Skin Diseases, DVD, FCPS - Dermatology & Venereology
Hair Transplant Surgeon, Cosmetologist, Dermatologist, Trichologist
50 Years Experience Overall  (45 years as specialist)
Medical Registration Verified
90% (229 patients)
Ever since 1980, Prof. Dr. D G Saple La'Mer Clinic in Dadar East has been one of the leading dermatologists of our era. With over 40 years of experience in this more..
Share your story


Dr. Haresh Timbadia
Profile is claimed
MD - Skin Diseases, MBBS
Cosmetologist, Dermatologist
43 Years Experience Overall  (39 years as specialist)
Medical Registration Verified
95% (217 patients)
Dr. Haresh Timbadia is MD in Dermatology, Trichology, Cosmetology and a Laser Specialist. Being an expert in his field he was honoured with an opportunity to se more..
Share your story


Dr. Kiran Katkar
Profile is claimed
MBBS, DVD, MD - Skin Diseases
Dermatologist, Cosmetologist, Trichologist, Hair Transplant Surgeon
39 Years Experience Overall  (33 years as specialist)
Medical Registration Verified
93% (623 patients)
Dr. Kiran Katkar is a very experienced dermatologist having his private practice dermis skin wellness clinic in Dadar west. more..
Share your story


Dr. Sonia Tekchandani
Profile is claimed
DVD, MBBS
Dermatologist, Trichologist, Cosmetologist
38 Years Experience Overall  (20 years as specialist)
Medical Registration Verified
94% (457 patients)
Dr. Sonia is an insightful, results-driven medical professional with more than twenty-five years of clinical experience & holds a commanding position in the fie more..
Share your story


Dr. Maxim Dmello
Profile is claimed
MBBS, DVD
Dermatologist
37 Years Experience Overall  (33 years as specialist)
Medical Registration Verified
97% (94 patients)
Dr. Maxim Dmello is a Dermatologist and Family Physician in Borivali West, Mumbai and has an experience of 28 years in these fields. Dr. Maxim Dmello practices more..
Share your story

  Then the user should able to get the doctors list     # stepDefinitions.DoctorDetails.the_user_should_able_to_get_the_doctors_list()
]]></system-out>
    <system-err><![CDATA[Apr 09, 2024 12:15:03 PM org.openqa.selenium.devtools.CdpVersionFinder findNearestMatch
WARNING: Unable to find an exact match for CDP version 120, returning the closest version; found: 119; Please update to a Selenium version that supports CDP version 120
]]></system-err>
  </testcase>
  <testcase name="Fill the form with Invalid contact number" classname="validate Schedule a demo button by providing Invalid contact number" time="55.261">
    <system-out><![CDATA[
@sanity @regression
Scenario: Fill the form with Invalid contact number                    # FeatureFiles/NegativeCaseContact.feature:4
  Given the user clicks on the For Corporates option                   # stepDefinitions.ValidateThankYou.the_user_clicks_on_the_for_corporates_option()
  And the user clicks on the health and wellness option                # stepDefinitions.ValidateThankYou.the_user_clicks_on_the_health_and_wellness_option()
  When the user provides the invalid contact number                    # stepDefinitions.NegativeCaseContact.the_user_provides_the_invalid_contact_number()
***Schedule a demo button is not enabled****
  Then the user should not be able to click the schedule a demo button # stepDefinitions.NegativeCaseName.the_user_should_not_be_able_to_click_the_schedule_a_demo_button()
]]></system-out>
    <system-err><![CDATA[Apr 09, 2024 12:19:15 PM org.openqa.selenium.devtools.CdpVersionFinder findNearestMatch
WARNING: Unable to find an exact match for CDP version 120, returning the closest version; found: 119; Please update to a Selenium version that supports CDP version 120
]]></system-err>
  </testcase>
  <testcase name="Fill the form with Invalid Name" classname="validate Schedule a demo button by providing invalid name" time="62.807">
    <system-out><![CDATA[
@sanity @regression
Scenario: Fill the form with Invalid Name                              # FeatureFiles/NegativeCaseName.feature:4
  Given the user clicks on the For Corporates option                   # stepDefinitions.ValidateThankYou.the_user_clicks_on_the_for_corporates_option()
  And the user clicks on the health and wellness option                # stepDefinitions.ValidateThankYou.the_user_clicks_on_the_health_and_wellness_option()
  When the user provides the Invalid name                              # stepDefinitions.NegativeCaseName.the_user_provides_the_incorrect_data_to_the_name_column()
***Schedule a demo button is not enabled****
  Then the user should not be able to click the schedule a demo button # stepDefinitions.NegativeCaseName.the_user_should_not_be_able_to_click_the_schedule_a_demo_button()
]]></system-out>
    <system-err><![CDATA[Apr 09, 2024 12:20:14 PM org.openqa.selenium.devtools.CdpVersionFinder findNearestMatch
WARNING: Unable to find an exact match for CDP version 120, returning the closest version; found: 119; Please update to a Selenium version that supports CDP version 120
]]></system-err>
  </testcase>
  <testcase name="Successfully printing the surgery list" classname="user selects the surgeries list" time="50.066">
    <system-out><![CDATA[
@sanity @regression
Scenario: Successfully printing the surgery list # FeatureFiles/Surgery.feature:5
  When the user clicks on the surgeries option   # stepDefinitions.SurgeryList.the_user_clicks_on_the_surgeries_option()
Piles
Hernia Treatment
Kidney Stone
Cataract
Circumcision
Lasik
Varicose Veins
Gallstone
Anal Fistula
Gynaecomastia
Anal Fissure
Lipoma Removal
Sebaceous cyst
Pilonidal Sinus
Lump in Breast
TURP
Hydrocele
Knee Replacement
Hair Transplant

  Then the user should get the surgeries list    # stepDefinitions.SurgeryList.the_user_should_get_the_surgeries_list()
]]></system-out>
    <system-err><![CDATA[Apr 09, 2024 12:21:12 PM org.openqa.selenium.devtools.CdpVersionFinder findNearestMatch
WARNING: Unable to find an exact match for CDP version 120, returning the closest version; found: 119; Please update to a Selenium version that supports CDP version 120
]]></system-err>
  </testcase>
  <testcase name="Fill the form with correct input datas" classname="validate ThankYou message" time="99.671">
    <error message="no such element: Unable to locate element: {&quot;method&quot;:&quot;xpath&quot;,&quot;selector&quot;:&quot;(//div[text()=&apos;THANK YOU&apos;])&quot;}&#10;  (Session info: chrome=120.0.6099.130)&#10;For documentation on this error, please visit: https://www.selenium.dev/documentation/webdriver/troubleshooting/errors#no-such-element-exception&#10;Build info: version: &apos;4.15.0&apos;, revision: &apos;1d14b5521b&apos;&#10;System info: os.name: &apos;Windows 11&apos;, os.arch: &apos;amd64&apos;, os.version: &apos;10.0&apos;, java.version: &apos;17.0.2&apos;&#10;Driver info: org.openqa.selenium.chrome.ChromeDriver&#10;Command: [e17776b4c9db259716b1e17493562a49, findElement {using=xpath, value=(//div[text()=&apos;THANK YOU&apos;])}]&#10;Capabilities {acceptInsecureCerts: false, browserName: chrome, browserVersion: 120.0.6099.130, chrome: {chromedriverVersion: 120.0.6099.109 (3419140ab66..., userDataDir: C:\Users\2318333\AppData\Lo...}, fedcm:accounts: true, goog:chromeOptions: {debuggerAddress: localhost:59603}, networkConnectionEnabled: false, pageLoadStrategy: normal, platformName: windows, proxy: Proxy(), se:cdp: ws://localhost:59603/devtoo..., se:cdpVersion: 120.0.6099.130, setWindowRect: true, strictFileInteractability: false, timeouts: {implicit: 0, pageLoad: 300000, script: 30000}, unhandledPromptBehavior: dismiss and notify, webauthn:extension:credBlob: true, webauthn:extension:largeBlob: true, webauthn:extension:minPinLength: true, webauthn:extension:prf: true, webauthn:virtualAuthenticators: true}&#10;Session ID: e17776b4c9db259716b1e17493562a49" type="org.openqa.selenium.NoSuchElementException"><![CDATA[org.openqa.selenium.NoSuchElementException: 
no such element: Unable to locate element: {"method":"xpath","selector":"(//div[text()='THANK YOU'])"}
  (Session info: chrome=120.0.6099.130)
For documentation on this error, please visit: https://www.selenium.dev/documentation/webdriver/troubleshooting/errors#no-such-element-exception
Build info: version: '4.15.0', revision: '1d14b5521b'
System info: os.name: 'Windows 11', os.arch: 'amd64', os.version: '10.0', java.version: '17.0.2'
Driver info: org.openqa.selenium.chrome.ChromeDriver
Command: [e17776b4c9db259716b1e17493562a49, findElement {using=xpath, value=(//div[text()='THANK YOU'])}]
Capabilities {acceptInsecureCerts: false, browserName: chrome, browserVersion: 120.0.6099.130, chrome: {chromedriverVersion: 120.0.6099.109 (3419140ab66..., userDataDir: C:\Users\2318333\AppData\Lo...}, fedcm:accounts: true, goog:chromeOptions: {debuggerAddress: localhost:59603}, networkConnectionEnabled: false, pageLoadStrategy: normal, platformName: windows, proxy: Proxy(), se:cdp: ws://localhost:59603/devtoo..., se:cdpVersion: 120.0.6099.130, setWindowRect: true, strictFileInteractability: false, timeouts: {implicit: 0, pageLoad: 300000, script: 30000}, unhandledPromptBehavior: dismiss and notify, webauthn:extension:credBlob: true, webauthn:extension:largeBlob: true, webauthn:extension:minPinLength: true, webauthn:extension:prf: true, webauthn:virtualAuthenticators: true}
Session ID: e17776b4c9db259716b1e17493562a49
	at java.base/jdk.internal.reflect.NativeConstructorAccessorImpl.newInstance0(Native Method)
	at java.base/jdk.internal.reflect.NativeConstructorAccessorImpl.newInstance(NativeConstructorAccessorImpl.java:77)
	at java.base/jdk.internal.reflect.DelegatingConstructorAccessorImpl.newInstance(DelegatingConstructorAccessorImpl.java:45)
	at java.base/java.lang.reflect.Constructor.newInstanceWithCaller(Constructor.java:499)
	at java.base/java.lang.reflect.Constructor.newInstance(Constructor.java:480)
	at org.openqa.selenium.remote.codec.w3c.W3CHttpResponseCodec.createException(W3CHttpResponseCodec.java:200)
	at org.openqa.selenium.remote.codec.w3c.W3CHttpResponseCodec.decode(W3CHttpResponseCodec.java:133)
	at org.openqa.selenium.remote.codec.w3c.W3CHttpResponseCodec.decode(W3CHttpResponseCodec.java:52)
	at org.openqa.selenium.remote.HttpCommandExecutor.execute(HttpCommandExecutor.java:191)
	at org.openqa.selenium.remote.service.DriverCommandExecutor.invokeExecute(DriverCommandExecutor.java:200)
	at org.openqa.selenium.remote.service.DriverCommandExecutor.execute(DriverCommandExecutor.java:175)
	at org.openqa.selenium.remote.RemoteWebDriver.execute(RemoteWebDriver.java:607)
	at org.openqa.selenium.remote.ElementLocation$ElementFinder$2.findElement(ElementLocation.java:165)
	at org.openqa.selenium.remote.ElementLocation.findElement(ElementLocation.java:59)
	at org.openqa.selenium.remote.RemoteWebDriver.findElement(RemoteWebDriver.java:364)
	at org.openqa.selenium.remote.RemoteWebDriver.findElement(RemoteWebDriver.java:358)
	at org.openqa.selenium.support.pagefactory.DefaultElementLocator.findElement(DefaultElementLocator.java:68)
	at org.openqa.selenium.support.pagefactory.internal.LocatingElementHandler.invoke(LocatingElementHandler.java:38)
	at jdk.proxy2/jdk.proxy2.$Proxy38.isDisplayed(Unknown Source)
	at stepDefinitions.ValidateThankYou.the_user_should_see_the_thank_you_message_displayed(ValidateThankYou.java:99)
	at ✽.the user should see the Thank You message displayed(file:///C:/Users/2318333/eclipse-workspace/hack_cucumber/./FeatureFiles/thankYou.feature:12)
]]></error>
    <system-out><![CDATA[
@sanity @regression
Scenario: Fill the form with correct input datas                            # FeatureFiles/thankYou.feature:5
  Given the user clicks on the For Corporates option                        # stepDefinitions.ValidateThankYou.the_user_clicks_on_the_for_corporates_option()
  And the user clicks on the health and wellness option                     # stepDefinitions.ValidateThankYou.the_user_clicks_on_the_health_and_wellness_option()
  When the user provides the correct data to the input fields except mailID # stepDefinitions.ValidateThankYou.the_user_provides_the_correct_data_to_the_input_fields_except_mail_id()
***Schedule a demo button is not enabled****
  Then the user should check the Schedule a demo button is enabled or not   # stepDefinitions.ValidateThankYou.the_user_should_check_the_schedule_a_demo_button_is_enabled_or_not()
  When the user provides the correct mailId and                             # stepDefinitions.ValidateThankYou.the_user_provides_the_correct_mail_id_and()
  Then the user should click the schedule a demo button and                 # stepDefinitions.ValidateThankYou.the_user_should_click_the_schedule_a_demo_button_and()
  Then the user should see the Thank You message displayed                  # stepDefinitions.ValidateThankYou.the_user_should_see_the_thank_you_message_displayed()
      org.openqa.selenium.NoSuchElementException: no such element: Unable to locate element: {"method":"xpath","selector":"(//div[text()='THANK YOU'])"}
  (Session info: chrome=120.0.6099.130)
For documentation on this error, please visit: https://www.selenium.dev/documentation/webdriver/troubleshooting/errors#no-such-element-exception
Build info: version: '4.15.0', revision: '1d14b5521b'
System info: os.name: 'Windows 11', os.arch: 'amd64', os.version: '10.0', java.version: '17.0.2'
Driver info: org.openqa.selenium.chrome.ChromeDriver
Command: [e17776b4c9db259716b1e17493562a49, findElement {using=xpath, value=(//div[text()='THANK YOU'])}]
Capabilities {acceptInsecureCerts: false, browserName: chrome, browserVersion: 120.0.6099.130, chrome: {chromedriverVersion: 120.0.6099.109 (3419140ab66..., userDataDir: C:\Users\2318333\AppData\Lo...}, fedcm:accounts: true, goog:chromeOptions: {debuggerAddress: localhost:59603}, networkConnectionEnabled: false, pageLoadStrategy: normal, platformName: windows, proxy: Proxy(), se:cdp: ws://localhost:59603/devtoo..., se:cdpVersion: 120.0.6099.130, setWindowRect: true, strictFileInteractability: false, timeouts: {implicit: 0, pageLoad: 300000, script: 30000}, unhandledPromptBehavior: dismiss and notify, webauthn:extension:credBlob: true, webauthn:extension:largeBlob: true, webauthn:extension:minPinLength: true, webauthn:extension:prf: true, webauthn:virtualAuthenticators: true}
Session ID: e17776b4c9db259716b1e17493562a49
	at java.base/jdk.internal.reflect.NativeConstructorAccessorImpl.newInstance0(Native Method)
	at java.base/jdk.internal.reflect.NativeConstructorAccessorImpl.newInstance(NativeConstructorAccessorImpl.java:77)
	at java.base/jdk.internal.reflect.DelegatingConstructorAccessorImpl.newInstance(DelegatingConstructorAccessorImpl.java:45)
	at java.base/java.lang.reflect.Constructor.newInstanceWithCaller(Constructor.java:499)
	at java.base/java.lang.reflect.Constructor.newInstance(Constructor.java:480)
	at org.openqa.selenium.remote.codec.w3c.W3CHttpResponseCodec.createException(W3CHttpResponseCodec.java:200)
	at org.openqa.selenium.remote.codec.w3c.W3CHttpResponseCodec.decode(W3CHttpResponseCodec.java:133)
	at org.openqa.selenium.remote.codec.w3c.W3CHttpResponseCodec.decode(W3CHttpResponseCodec.java:52)
	at org.openqa.selenium.remote.HttpCommandExecutor.execute(HttpCommandExecutor.java:191)
	at org.openqa.selenium.remote.service.DriverCommandExecutor.invokeExecute(DriverCommandExecutor.java:200)
	at org.openqa.selenium.remote.service.DriverCommandExecutor.execute(DriverCommandExecutor.java:175)
	at org.openqa.selenium.remote.RemoteWebDriver.execute(RemoteWebDriver.java:607)
	at org.openqa.selenium.remote.ElementLocation$ElementFinder$2.findElement(ElementLocation.java:165)
	at org.openqa.selenium.remote.ElementLocation.findElement(ElementLocation.java:59)
	at org.openqa.selenium.remote.RemoteWebDriver.findElement(RemoteWebDriver.java:364)
	at org.openqa.selenium.remote.RemoteWebDriver.findElement(RemoteWebDriver.java:358)
	at org.openqa.selenium.support.pagefactory.DefaultElementLocator.findElement(DefaultElementLocator.java:68)
	at org.openqa.selenium.support.pagefactory.internal.LocatingElementHandler.invoke(LocatingElementHandler.java:38)
	at jdk.proxy2/jdk.proxy2.$Proxy38.isDisplayed(Unknown Source)
	at stepDefinitions.ValidateThankYou.the_user_should_see_the_thank_you_message_displayed(ValidateThankYou.java:99)
	at âœ½.the user should see the Thank You message displayed(file:///C:/Users/2318333/eclipse-workspace/hack_cucumber/./FeatureFiles/thankYou.feature:12)


    Embedding Fill the form with correct input datas [image/png 591582 bytes]

]]></system-out>
    <system-err><![CDATA[Apr 09, 2024 12:22:01 PM org.openqa.selenium.devtools.CdpVersionFinder findNearestMatch
WARNING: Unable to find an exact match for CDP version 120, returning the closest version; found: 119; Please update to a Selenium version that supports CDP version 120
]]></system-err>
  </testcase>
</testsuite>